<?xml version="1.0" encoding="UTF-8"?>
<!-- Generated by org.testng.reporters.JUnitReportReporter -->
<testsuite skipped="0" hostname="LAPTOP-PCDU5IPL" name="testNGSession.ExpectedExceptionConcept" tests="1" failures="0" timestamp="29 Sep 2022 19:37:46 GMT" time="0.015" errors="0">
  <testcase name="searchTest" time="0.015" classname="testNGSession.ExpectedExceptionConcept"/>
</testsuite> <!-- testNGSession.ExpectedExceptionConcept -->
