<?xml version="1.0" encoding="UTF-8"?>
<!-- Generated by org.testng.reporters.JUnitReportReporter -->
<testsuite skipped="0" hostname="LAPTOP-PCDU5IPL" name="testNGSession.InvocationCountConcept" tests="10" failures="0" timestamp="29 Sep 2022 20:11:22 GMT" time="0.031" errors="0">
  <testcase name="paymentTest" time="0.000" classname="testNGSession.InvocationCountConcept"/>
  <testcase name="paymentTest" time="0.002" classname="testNGSession.InvocationCountConcept"/>
  <testcase name="paymentTest" time="0.001" classname="testNGSession.InvocationCountConcept"/>
  <testcase name="paymentTest" time="0.003" classname="testNGSession.InvocationCountConcept"/>
  <testcase name="paymentTest" time="0.003" classname="testNGSession.InvocationCountConcept"/>
  <testcase name="paymentTest" time="0.001" classname="testNGSession.InvocationCountConcept"/>
  <testcase name="paymentTest" time="0.017" classname="testNGSession.InvocationCountConcept"/>
  <testcase name="paymentTest" time="0.002" classname="testNGSession.InvocationCountConcept"/>
  <testcase name="paymentTest" time="0.001" classname="testNGSession.InvocationCountConcept"/>
  <testcase name="paymentTest" time="0.001" classname="testNGSession.InvocationCountConcept"/>
</testsuite> <!-- testNGSession.InvocationCountConcept -->
