<?xml version="1.0" encoding="UTF-8"?>
<!-- Generated by org.testng.reporters.JUnitReportReporter -->
<testsuite skipped="0" hostname="LAPTOP-PCDU5IPL" name="testNGSession.TestNgConcept" tests="3" failures="0" timestamp="27 Sep 2022 09:58:22 GMT" time="0.011" errors="0">
  <testcase name="addToCartTest" time="0.005" classname="testNGSession.TestNgConcept"/>
  <testcase name="searchTest" time="0.002" classname="testNGSession.TestNgConcept"/>
  <testcase name="paymentTest" time="0.004" classname="testNGSession.TestNgConcept"/>
</testsuite> <!-- testNGSession.TestNgConcept -->
