<?xml version="1.0" encoding="UTF-8"?>
<!-- Generated by org.testng.reporters.JUnitReportReporter -->
<testsuite skipped="0" hostname="LAPTOP-PCDU5IPL" name="testNGSession.AmazonTest" tests="3" failures="0" timestamp="29 Sep 2022 08:31:10 GMT" time="0.357" errors="0">
  <testcase name="searchTest" time="0.284" classname="testNGSession.AmazonTest"/>
  <testcase name="logoTest" time="0.056" classname="testNGSession.AmazonTest"/>
  <testcase name="pageTitleTest" time="0.017" classname="testNGSession.AmazonTest"/>
</testsuite> <!-- testNGSession.AmazonTest -->
