<?xml version="1.0" encoding="UTF-8"?>
<!-- Generated by org.testng.reporters.JUnitReportReporter -->
<testsuite skipped="0" hostname="LAPTOP-PCDU5IPL" name="testNGSession.PriorityConcept" tests="5" failures="0" timestamp="29 Sep 2022 08:34:35 GMT" time="0.032" errors="0">
  <testcase name="a_Test" time="0.019" classname="testNGSession.PriorityConcept"/>
  <testcase name="c_Test" time="0.003" classname="testNGSession.PriorityConcept"/>
  <testcase name="e_Test" time="0.001" classname="testNGSession.PriorityConcept"/>
  <testcase name="d_Test" time="0.003" classname="testNGSession.PriorityConcept"/>
  <testcase name="b_Test" time="0.006" classname="testNGSession.PriorityConcept"/>
</testsuite> <!-- testNGSession.PriorityConcept -->
