<?xml version="1.0" encoding="UTF-8"?>
<!-- Generated by org.testng.reporters.JUnitReportReporter -->
<testsuite skipped="1" hostname="LAPTOP-PCDU5IPL" name="testNGSession.IgnoringTestcases" tests="3" failures="0" timestamp="29 Sep 2022 19:29:35 GMT" time="0.015" errors="0">
  <testcase name="searchTest" time="0.014" classname="testNGSession.IgnoringTestcases"/>
  <testcase name="logoTest" time="0.001" classname="testNGSession.IgnoringTestcases"/>
  <testcase name="paymentTest" classname="testNGSession.IgnoringTestcases">
    <skipped/>
  </testcase> <!-- paymentTest -->
</testsuite> <!-- testNGSession.IgnoringTestcases -->
